[    0.000000] Initializing cgroup subsys cpuset
[    0.000000] Initializing cgroup subsys cpu
[    0.000000] Initializing cgroup subsys cpuacct
[    0.000000] Linux version 4.4.0-203-generic (buildd@lcy01-amd64-027) (gcc version 5.4.0 20160609 (Ubuntu 5.4.0-6ubuntu1~16.04.12) ) #235-Ubuntu SMP Tue Feb 2 02:49:08 UTC 2021 (Ubuntu 4.4.0-203.235-generic 4.4.249)
[    0.000000] Command line: BOOT_IMAGE=/boot/vmlinuz-4.4.0-203-generic root=LABEL=cloudimg-rootfs ro console=tty1 console=ttyS0
[    0.000000] KERNEL supported cpus:
[    0.000000]   Intel GenuineIntel
[    0.000000]   AMD AuthenticAMD
[    0.000000]   Centaur CentaurHauls
[    0.000000] x86/fpu: xstate_offset[2]:  576, xstate_sizes[2]:  256
[    0.000000] x86/fpu: Supporting XSAVE feature 0x01: 'x87 floating point registers'
[    0.000000] x86/fpu: Supporting XSAVE feature 0x02: 'SSE registers'
[    0.000000] x86/fpu: Supporting XSAVE feature 0x04: 'AVX registers'
[    0.000000] x86/fpu: Enabled xstate features 0x7, context size is 832 bytes, using 'standard' format.
[    0.000000] e820: BIOS-provided physical RAM map:
[    0.000000] BIOS-e820: [mem 0x0000000000000000-0x000000000009fbff] usable
[    0.000000] BIOS-e820: [mem 0x000000000009fc00-0x000000000009ffff] reserved
[    0.000000] BIOS-e820: [mem 0x00000000000f0000-0x00000000000fffff] reserved
[    0.000000] BIOS-e820: [mem 0x0000000000100000-0x000000003ffeffff] usable
[    0.000000] BIOS-e820: [mem 0x000000003fff0000-0x000000003fffffff] ACPI data
[    0.000000] BIOS-e820: [mem 0x00000000fec00000-0x00000000fec00fff] reserved
[    0.000000] BIOS-e820: [mem 0x00000000fee00000-0x00000000fee00fff] reserved
[    0.000000] BIOS-e820: [mem 0x00000000fffc0000-0x00000000ffffffff] reserved
[    0.000000] NX (Execute Disable) protection: active
[    0.000000] SMBIOS 2.5 present.
[    0.000000] Hypervisor detected: KVM
[    0.000000] Kernel/User page tables isolation: disabled
[    0.000000] e820: last_pfn = 0x3fff0 max_arch_pfn = 0x400000000
[    0.000000] MTRR: Disabled
[    0.000000] x86/PAT: MTRRs disabled, skipping PAT initialization too.
[    0.000000] CPU MTRRs all blank - virtualized system.
[    0.000000] x86/PAT: Configuration [0-7]: WB  WT  UC- UC  WB  WT  UC- UC  
[    0.000000] found SMP MP-table at [mem 0x0009fff0-0x0009ffff] mapped at [ffff88000009fff0]
[    0.000000] Scanning 1 areas for low memory corruption
[    0.000000] RAMDISK: [mem 0x362dc000-0x37165fff]
[    0.000000] ACPI: Early table checksum verification disabled
[    0.000000] ACPI: RSDP 0x00000000000E0000 000024 (v02 VBOX  )
[    0.000000] ACPI: XSDT 0x000000003FFF0030 00003C (v01 VBOX   VBOXXSDT 00000001 ASL  00000061)
[    0.000000] ACPI: FACP 0x000000003FFF00F0 0000F4 (v04 VBOX   VBOXFACP 00000001 ASL  00000061)
[    0.000000] ACPI: DSDT 0x000000003FFF0470 002325 (v02 VBOX   VBOXBIOS 00000002 INTL 20100528)
[    0.000000] ACPI: FACS 0x000000003FFF0200 000040
[    0.000000] ACPI: FACS 0x000000003FFF0200 000040
[    0.000000] ACPI: APIC 0x000000003FFF0240 00005C (v02 VBOX   VBOXAPIC 00000001 ASL  00000061)
[    0.000000] ACPI: SSDT 0x000000003FFF02A0 0001CC (v01 VBOX   VBOXCPUT 00000002 INTL 20100528)
[    0.000000] No NUMA configuration found
[    0.000000] Faking a node at [mem 0x0000000000000000-0x000000003ffeffff]
[    0.000000] NODE_DATA(0) allocated [mem 0x3ffeb000-0x3ffeffff]
[    0.000000] kvm-clock: Using msrs 4b564d01 and 4b564d00
[    0.000000] kvm-clock: cpu 0, msr 0:3ffe3001, primary cpu clock
[    0.000000] kvm-clock: using sched offset of 4182277098 cycles
[    0.000000] clocksource: kvm-clock: mask: 0xffffffffffffffff max_cycles: 0x1cd42e4dffb, max_idle_ns: 881590591483 ns
[    0.000000] Zone ranges:
[    0.000000]   DMA      [mem 0x0000000000001000-0x0000000000ffffff]
[    0.000000]   DMA32    [mem 0x0000000001000000-0x000000003ffeffff]
[    0.000000]   Normal   empty
[    0.000000]   Device   empty
[    0.000000] Movable zone start for each node
[    0.000000] Early memory node ranges
[    0.000000]   node   0: [mem 0x0000000000001000-0x000000000009efff]
[    0.000000]   node   0: [mem 0x0000000000100000-0x000000003ffeffff]
[    0.000000] Initmem setup node 0 [mem 0x0000000000001000-0x000000003ffeffff]
[    0.000000] ACPI: PM-Timer IO Port: 0x4008
[    0.000000] IOAPIC[0]: apic_id 2, version 32, address 0xfec00000, GSI 0-23
[    0.000000] ACPI: INT_SRC_OVR (bus 0 bus_irq 0 global_irq 2 dfl dfl)
[    0.000000] ACPI: INT_SRC_OVR (bus 0 bus_irq 9 global_irq 9 low level)
[    0.000000] Using ACPI (MADT) for SMP configuration information
[    0.000000] smpboot: Allowing 2 CPUs, 0 hotplug CPUs
[    0.000000] PM: Registered nosave memory: [mem 0x00000000-0x00000fff]
[    0.000000] PM: Registered nosave memory: [mem 0x0009f000-0x0009ffff]
[    0.000000] PM: Registered nosave memory: [mem 0x000a0000-0x000effff]
[    0.000000] PM: Registered nosave memory: [mem 0x000f0000-0x000fffff]
[    0.000000] e820: [mem 0x40000000-0xfebfffff] available for PCI devices
[    0.000000] Booting paravirtualized kernel on KVM
[    0.000000] clocksource: refined-jiffies: mask: 0xffffffff max_cycles: 0xffffffff, max_idle_ns: 7645519600211568 ns
[    0.000000] setup_percpu: NR_CPUS:512 nr_cpumask_bits:512 nr_cpu_ids:2 nr_node_ids:1
[    0.000000] PERCPU: Embedded 33 pages/cpu @ffff88003fc00000 s95640 r8192 d31336 u1048576
[    0.000000] Built 1 zonelists in Node order, mobility grouping on.  Total pages: 257912
[    0.000000] Policy zone: DMA32
[    0.000000] Kernel command line: BOOT_IMAGE=/boot/vmlinuz-4.4.0-203-generic root=LABEL=cloudimg-rootfs ro console=tty1 console=ttyS0
[    0.000000] PID hash table entries: 4096 (order: 3, 32768 bytes)
[    0.000000] Memory: 997652K/1048120K available (8641K kernel code, 1337K rwdata, 4044K rodata, 1496K init, 1296K bss, 50468K reserved, 0K cma-reserved)
[    0.000000] SLUB: HWalign=64, Order=0-3, MinObjects=0, CPUs=2, Nodes=1
[    0.000000] Hierarchical RCU implementation.
[    0.000000] 	Build-time adjustment of leaf fanout to 64.
[    0.000000] 	RCU restricting CPUs from NR_CPUS=512 to nr_cpu_ids=2.
[    0.000000] RCU: Adjusting geometry for rcu_fanout_leaf=64, nr_cpu_ids=2
[    0.000000] NR_IRQS:33024 nr_irqs:440 16
[    0.000000] Console: colour VGA+ 80x25
[    0.000000] console [tty1] enabled
[    0.000000] console [ttyS0] enabled
[    0.000000] tsc: Detected 1497.600 MHz processor
[    0.338245] Calibrating delay loop (skipped) preset value.. 2995.20 BogoMIPS (lpj=5990400)
[    0.341288] pid_max: default: 32768 minimum: 301
[    0.342559] ACPI: Core revision 20150930
[    0.345992] ACPI: 2 ACPI AML tables successfully acquired and loaded
[    0.348725] Security Framework initialized
[    0.350361] Yama: becoming mindful.
[    0.351881] AppArmor: AppArmor initialized
[    0.353680] Dentry cache hash table entries: 131072 (order: 8, 1048576 bytes)
[    0.356228] Inode-cache hash table entries: 65536 (order: 7, 524288 bytes)
[    0.361043] Mount-cache hash table entries: 2048 (order: 2, 16384 bytes)
[    0.363538] Mountpoint-cache hash table entries: 2048 (order: 2, 16384 bytes)
[    0.366312] Initializing cgroup subsys io
[    0.367876] Initializing cgroup subsys memory
[    0.369553] Initializing cgroup subsys devices
[    0.371318] Initializing cgroup subsys freezer
[    0.373102] Initializing cgroup subsys net_cls
[    0.374997] Initializing cgroup subsys perf_event
[    0.376821] Initializing cgroup subsys net_prio
[    0.378605] Initializing cgroup subsys hugetlb
[    0.380399] Initializing cgroup subsys pids
[    0.386773] mce: CPU supports 0 MCE banks
[    0.388357] Last level iTLB entries: 4KB 0, 2MB 0, 4MB 0
[    0.390288] Last level dTLB entries: 4KB 0, 2MB 0, 4MB 0, 1GB 0
[    0.392942] Spectre V1 : Mitigation: usercopy/swapgs barriers and __user pointer sanitization
[    0.397615] Spectre V2 : Mitigation: Full generic retpoline
[    0.400127] Spectre V2 : Spectre v2 / SpectreRSB mitigation: Filling RSB on context switch
[    0.403397] Speculative Store Bypass: Vulnerable
[    0.411295] Freeing SMP alternatives memory: 36K
[    0.428484] ftrace: allocating 32366 entries in 127 pages
[    0.583633] smpboot: APIC(0) Converting physical 0 to logical package 0
[    0.586796] smpboot: Max logical packages: 1
[    0.589361] x2apic enabled
[    0.591426] Switched APIC routing to physical x2apic.
[    0.596219] ..TIMER: vector=0x30 apic1=0 pin1=2 apic2=-1 pin2=-1
[    0.708739] smpboot: CPU0: Intel(R) Core(TM) i7-1065G7 CPU @ 1.30GHz (family: 0x6, model: 0x7e, stepping: 0x5)
[    0.716677] Performance Events: unsupported p6 CPU model 126 no PMU driver, software events only.
[    0.739173] KVM setup paravirtual spinlock
[    0.742465] x86: Booting SMP configuration:
[    0.744271] .... node  #0, CPUs:      #1
[    0.746453] kvm-clock: cpu 1, msr 0:3ffe3041, secondary cpu clock
[    0.753712] mce: CPU supports 0 MCE banks
[    0.757369] x86: Booted up 1 node, 2 CPUs
[    0.760158] smpboot: Total of 2 processors activated (5990.40 BogoMIPS)
[    0.764350] devtmpfs: initialized
[    0.768792] evm: security.selinux
[    0.771170] evm: security.SMACK64
[    0.773287] evm: security.SMACK64EXEC
[    0.775855] evm: security.SMACK64TRANSMUTE
[    0.778460] evm: security.SMACK64MMAP
[    0.780633] evm: security.ima
[    0.782249] evm: security.capability
[    0.784359] clocksource: jiffies: mask: 0xffffffff max_cycles: 0xffffffff, max_idle_ns: 7645041785100000 ns
[    0.788751] futex hash table entries: 512 (order: 3, 32768 bytes)
[    0.794015] pinctrl core: initialized pinctrl subsystem
[    0.796799] RTC time:  8:29:29, date: 03/24/21
[    0.803440] NET: Registered protocol family 16
[    0.818110] cpuidle: using governor ladder
[    0.829367] cpuidle: using governor menu
[    0.832277] PCCT header not found.
[    0.834493] ACPI: bus type PCI registered
[    0.836431] acpiphp: ACPI Hot Plug PCI Controller Driver version: 0.5
[    0.839498] PCI: Using configuration type 1 for base access
[    0.853991] ACPI: Added _OSI(Module Device)
[    0.856151] ACPI: Added _OSI(Processor Device)
[    0.858346] ACPI: Added _OSI(3.0 _SCP Extensions)
[    0.860632] ACPI: Added _OSI(Processor Aggregator Device)
[    0.864882] ACPI: Executed 1 blocks of module-level executable AML code
[    0.872560] ACPI: Interpreter enabled
[    0.875779] ACPI: (supports S0 S5)
[    0.878289] ACPI: Using IOAPIC for interrupt routing
[    0.882144] PCI: Using host bridge windows from ACPI; if necessary, use "pci=nocrs" and report a bug
[    0.896087] ACPI: PCI Root Bridge [PCI0] (domain 0000 [bus 00-ff])
[    0.900636] acpi PNP0A03:00: _OSC: OS supports [ASPM ClockPM Segments MSI]
[    0.906019] acpi PNP0A03:00: _OSC: not requesting OS control; OS requires [ExtendedConfig ASPM ClockPM MSI]
[    0.913302] acpi PNP0A03:00: fail to add MMCONFIG information, can't access extended PCI configuration space under this bridge.
[    0.922637] PCI host bridge to bus 0000:00
[    0.926114] pci_bus 0000:00: root bus resource [io  0x0000-0x0cf7 window]
[    0.931018] pci_bus 0000:00: root bus resource [io  0x0d00-0xffff window]
[    0.935988] pci_bus 0000:00: root bus resource [mem 0x000a0000-0x000bffff window]
[    0.941789] pci_bus 0000:00: root bus resource [mem 0x40000000-0xfdffffff window]
[    0.945302] pci_bus 0000:00: root bus resource [bus 00-ff]
[    0.952954] pci 0000:00:01.1: legacy IDE quirk: reg 0x10: [io  0x01f0-0x01f7]
[    0.957406] pci 0000:00:01.1: legacy IDE quirk: reg 0x14: [io  0x03f6]
[    0.962616] pci 0000:00:01.1: legacy IDE quirk: reg 0x18: [io  0x0170-0x0177]
[    0.967413] pci 0000:00:01.1: legacy IDE quirk: reg 0x1c: [io  0x0376]
[    0.990322] pci 0000:00:07.0: quirk: [io  0x4000-0x403f] claimed by PIIX4 ACPI
[    1.015947] pci 0000:00:07.0: quirk: [io  0x4100-0x410f] claimed by PIIX4 SMB
[    1.027484] ACPI: PCI Interrupt Link [LNKA] (IRQs 5 9 10 *11)
[    1.032497] ACPI: PCI Interrupt Link [LNKB] (IRQs 5 9 *10 11)
[    1.037033] ACPI: PCI Interrupt Link [LNKC] (IRQs 5 *9 10 11)
[    1.041818] ACPI: PCI Interrupt Link [LNKD] (IRQs 5 9 10 *11)
[    1.046678] ACPI: Enabled 2 GPEs in block 00 to 07
[    1.050516] vgaarb: setting as boot device: PCI:0000:00:02.0
[    1.054047] vgaarb: device added: PCI:0000:00:02.0,decodes=io+mem,owns=io+mem,locks=none
[    1.059755] vgaarb: loaded
[    1.062486] vgaarb: bridge control possible 0000:00:02.0
[    1.066995] SCSI subsystem initialized
[    1.070379] ACPI: bus type USB registered
[    1.073355] usbcore: registered new interface driver usbfs
[    1.077429] usbcore: registered new interface driver hub
[    1.081364] usbcore: registered new device driver usb
[    1.085001] PCI: Using ACPI for IRQ routing
[    1.088583] NetLabel: Initializing
[    1.090869] NetLabel:  domain hash size = 128
[    1.093938] NetLabel:  protocols = UNLABELED CIPSOv4
[    1.097761] NetLabel:  unlabeled traffic allowed by default
[    1.102144] amd_nb: Cannot enumerate AMD northbridges
[    1.105603] clocksource: Switched to clocksource kvm-clock
[    1.127468] AppArmor: AppArmor Filesystem Enabled
[    1.130384] pnp: PnP ACPI init
[    1.135406] pnp: PnP ACPI: found 3 devices
[    1.152405] clocksource: acpi_pm: mask: 0xffffff max_cycles: 0xffffff, max_idle_ns: 2085701024 ns
[    1.156459] NET: Registered protocol family 2
[    1.158769] TCP established hash table entries: 8192 (order: 4, 65536 bytes)
[    1.161585] TCP bind hash table entries: 8192 (order: 5, 131072 bytes)
[    1.164728] TCP: Hash tables configured (established 8192 bind 8192)
[    1.167414] UDP hash table entries: 512 (order: 2, 16384 bytes)
[    1.169866] UDP-Lite hash table entries: 512 (order: 2, 16384 bytes)
[    1.175292] NET: Registered protocol family 1
[    1.177194] pci 0000:00:00.0: Limiting direct PCI/PCI transfers
[    1.179577] pci 0000:00:01.0: Activating ISA DMA hang workarounds
[    1.182475] Unpacking initramfs...
[    1.724702] Freeing initrd memory: 14888K
[    1.727090] clocksource: tsc: mask: 0xffffffffffffffff max_cycles: 0x159647815e3, max_idle_ns: 440795269835 ns
[    1.731945] platform rtc_cmos: registered platform RTC device (no PNP device found)
[    1.735780] Scanning for low memory corruption every 60 seconds
[    1.739141] audit: initializing netlink subsys (disabled)
[    1.741772] audit: type=2000 audit(1616574576.014:1): initialized
[    1.745074] Initialise system trusted keyring
[    1.748438] HugeTLB registered 2 MB page size, pre-allocated 0 pages
[    1.754157] zbud: loaded
[    1.756591] VFS: Disk quotas dquot_6.6.0
[    1.758666] VFS: Dquot-cache hash table entries: 512 (order 0, 4096 bytes)
[    1.762773] squashfs: version 4.0 (2009/01/31) Phillip Lougher
[    1.767396] fuse init (API version 7.23)
[    1.771253] Key type big_key registered
[    1.774239] Allocating IMA MOK and blacklist keyrings.
[    1.785477] Key type asymmetric registered
[    1.788810] Asymmetric key parser 'x509' registered
[    1.791694] Block layer SCSI generic (bsg) driver version 0.4 loaded (major 249)
[    1.797426] io scheduler noop registered
[    1.800065] io scheduler deadline registered (default)
[    1.802944] io scheduler cfq registered
[    1.806240] pci_hotplug: PCI Hot Plug PCI Core version: 0.5
[    1.809174] pciehp: PCI Express Hot Plug Controller Driver version: 0.4
[    1.814664] ACPI: AC Adapter [AC] (off-line)
[    1.817540] input: Power Button as /devices/LNXSYSTM:00/LNXPWRBN:00/input/input0
[    1.822757] ACPI: Power Button [PWRF]
[    1.825037] input: Sleep Button as /devices/LNXSYSTM:00/LNXSLPBN:00/input/input1
[    1.830869] ACPI: Sleep Button [SLPF]
[    1.833503] GHES: HEST is not enabled!
[    1.835141] ACPI: Battery Slot [BAT0] (battery present)
[    1.839405] Serial: 8250/16550 driver, 32 ports, IRQ sharing enabled
[    1.864768] 00:02: ttyS0 at I/O 0x3f8 (irq = 4, base_baud = 115200) is a 16550A
[    1.873997] Linux agpgart interface v0.103
[    1.880637] loop: module loaded
[    1.883975] scsi host0: ata_piix
[    1.886561] scsi host1: ata_piix
[    1.888820] ata1: PATA max UDMA/33 cmd 0x1f0 ctl 0x3f6 bmdma 0xd000 irq 14
[    1.892782] ata2: PATA max UDMA/33 cmd 0x170 ctl 0x376 bmdma 0xd008 irq 15
[    1.897140] libphy: Fixed MDIO Bus: probed
[    1.900272] tun: Universal TUN/TAP device driver, 1.6
[    1.903910] tun: (C) 1999-2004 Max Krasnyansky <maxk@qualcomm.com>
[    1.908307] PPP generic driver version 2.4.2
[    1.911608] ehci_hcd: USB 2.0 'Enhanced' Host Controller (EHCI) Driver
[    1.916696] ehci-pci: EHCI PCI platform driver
[    1.919720] ehci-platform: EHCI generic platform driver
[    1.923124] ohci_hcd: USB 1.1 'Open' Host Controller (OHCI) Driver
[    1.927821] ohci-pci: OHCI PCI platform driver
[    1.930693] ohci-platform: OHCI generic platform driver
[    1.934456] uhci_hcd: USB Universal Host Controller Interface driver
[    1.939387] i8042: PNP: PS/2 Controller [PNP0303:PS2K,PNP0f03:PS2M] at 0x60,0x64 irq 1,12
[    1.946449] serio: i8042 KBD port at 0x60,0x64 irq 1
[    1.949865] serio: i8042 AUX port at 0x60,0x64 irq 12
[    1.954431] mousedev: PS/2 mouse device common for all mice
[    1.957502] input: AT Translated Set 2 keyboard as /devices/platform/i8042/serio0/input/input2
[    1.965758] rtc_cmos rtc_cmos: rtc core: registered rtc_cmos as rtc0
[    1.970397] rtc_cmos rtc_cmos: alarms up to one day, 114 bytes nvram
[    1.972988] i2c /dev entries driver
[    1.975836] device-mapper: uevent: version 1.0.3
[    1.979674] device-mapper: ioctl: 4.34.0-ioctl (2015-10-28) initialised: dm-devel@redhat.com
[    1.986883] ledtrig-cpu: registered to indicate activity on CPUs
[    1.990451] NET: Registered protocol family 10
[    1.993760] NET: Registered protocol family 17
[    1.997363] Key type dns_resolver registered
[    2.001740] registered taskstats version 1
[    2.004707] Loading compiled-in X.509 certificates
[    2.009180] Loaded X.509 cert 'Build time autogenerated kernel key: c0f1dd89d7e09a1955be4fde7c6f946674683c10'
[    2.016692] zswap: loaded using pool lzo/zbud
[    2.023809] Key type trusted registered
[    2.038001] Key type encrypted registered
[    2.041481] AppArmor: AppArmor sha1 policy hashing enabled
[    2.046888] ima: No TPM chip found, activating TPM-bypass!
[    2.051724] ima: Allocated hash algorithm: sha1
[    2.054936] evm: HMAC attrs: 0x1
[    2.078188]   Magic number: 13:557:473
[    2.081948] rtc_cmos rtc_cmos: setting system clock to 2021-03-24 08:29:31 UTC (1616574571)
[    2.088957] BIOS EDD facility v0.16 2004-Jun-25, 0 devices found
[    2.094123] EDD information not available.
[    2.099746] Freeing unused kernel memory: 1496K
[    2.110283] Write protecting the kernel read-only data: 14336k
[    2.113454] Freeing unused kernel memory: 1588K
[    2.115825] Freeing unused kernel memory: 52K
Loading, please wait...
starting version 229
[    2.141064] random: systemd-udevd: uninitialized urandom read (16 bytes read, 5 bits of entropy available)
[    2.143125] random: udevadm: uninitialized urandom read (16 bytes read, 5 bits of entropy available)
[    2.143222] random: udevadm: uninitialized urandom read (16 bytes read, 5 bits of entropy available)
[    2.157580] random: systemd-udevd: uninitialized urandom read (16 bytes read, 5 bits of entropy available)
[    2.162976] random: systemd-udevd: uninitialized urandom read (16 bytes read, 5 bits of entropy available)
[    2.167769] random: udevadm: uninitialized urandom read (16 bytes read, 5 bits of entropy available)
[    2.167845] random: udevadm: uninitialized urandom read (16 bytes read, 5 bits of entropy available)
[    2.168104] random: udevadm: uninitialized urandom read (16 bytes read, 5 bits of entropy available)
[    2.168183] random: udevadm: uninitialized urandom read (16 bytes read, 5 bits of entropy available)
[    2.168257] random: udevadm: uninitialized urandom read (16 bytes read, 5 bits of entropy available)
[    2.255791] e1000: Intel(R) PRO/1000 Network Driver - version 7.3.21-k8-NAPI
[    2.259269] e1000: Copyright (c) 1999-2006 Intel Corporation.
[    2.272828] Fusion MPT base driver 3.04.20
[    2.280588] Copyright (c) 1999-2008 LSI Corporation
[    2.311367] Fusion MPT SPI Host driver 3.04.20
[    2.320447] AVX2 version of gcm_enc/dec engaged.
[    2.323122] AES CTR mode by8 optimization enabled
[    2.493367] input: ImExPS/2 Generic Explorer Mouse as /devices/platform/i8042/serio1/input/input4
[    2.752836] e1000 0000:00:03.0 eth0: (PCI:33MHz:32-bit) 02:49:cb:75:7f:af
[    2.756669] e1000 0000:00:03.0 eth0: Intel(R) PRO/1000 Network Connection
[    2.763784] e1000 0000:00:03.0 enp0s3: renamed from eth0
[    2.766771] mptbase: ioc0: Initiating bringup
[    2.838280] ioc0: LSI53C1030 A0: Capabilities={Initiator}
[    3.007408] scsi host2: ioc0: LSI53C1030 A0, FwRev=00000000h, Ports=1, MaxQ=256, IRQ=20
[    3.123391] scsi 2:0:0:0: Direct-Access     VBOX     HARDDISK         1.0  PQ: 0 ANSI: 5
[    3.127536] scsi target2:0:0: Beginning Domain Validation
[    3.134348] scsi target2:0:0: Domain Validation skipping write tests
[    3.137346] scsi target2:0:0: Ending Domain Validation
[    3.140241] scsi target2:0:0: asynchronous
[    3.144792] scsi 2:0:1:0: Direct-Access     VBOX     HARDDISK         1.0  PQ: 0 ANSI: 5
[    3.149606] scsi target2:0:1: Beginning Domain Validation
[    3.156592] scsi target2:0:1: Domain Validation skipping write tests
[    3.159574] scsi target2:0:1: Ending Domain Validation
[    3.162153] scsi target2:0:1: asynchronous
[    3.182790] sd 2:0:0:0: Attached scsi generic sg0 type 0
[    3.211399] sd 2:0:0:0: [sda] 83886080 512-byte logical blocks: (42.9 GB/40.0 GiB)
[    3.216160] sd 2:0:0:0: [sda] Write Protect is off
[    3.219158] sd 2:0:1:0: [sdb] 20480 512-byte logical blocks: (10.5 MB/10.0 MiB)
[    3.222872] sd 2:0:0:0: [sda] Incomplete mode parameter data
[    3.226252] sd 2:0:0:0: [sda] Assuming drive cache: write through
[    3.229265] sd 2:0:1:0: Attached scsi generic sg1 type 0
[    3.233003] sd 2:0:1:0: [sdb] Write Protect is off
[    3.237277] sd 2:0:1:0: [sdb] Incomplete mode parameter data
[    3.240315] sd 2:0:1:0: [sdb] Assuming drive cache: write through
[    3.275272]  sda: sda1
[    3.278628] sd 2:0:0:0: [sda] Attached SCSI disk
[    3.282892] sd 2:0:1:0: [sdb] Attached SCSI disk
Begin: Loading essential drivers ... [    5.373085] md: linear personality registered for level -1
[    5.381182] md: multipath personality registered for level -4
[    5.388908] md: raid0 personality registered for level 0
[    5.399144] md: raid1 personality registered for level 1
[    5.473627] raid6: sse2x1   gen()  4752 MB/s
[    5.541966] raid6: sse2x1   xor()  3701 MB/s
[    5.609942] raid6: sse2x2   gen()  7347 MB/s
[    5.677730] raid6: sse2x2   xor()  5000 MB/s
[    5.745704] raid6: sse2x4   gen()  8044 MB/s
[    5.814550] raid6: sse2x4   xor()  4710 MB/s
[    5.881680] raid6: avx2x1   gen()  8754 MB/s
[    5.949948] raid6: avx2x2   gen() 11700 MB/s
[    6.017853] raid6: avx2x4   gen() 11838 MB/s
[    6.019771] raid6: using algorithm avx2x4 gen() 11838 MB/s
[    6.022172] raid6: using avx2x2 recovery algorithm
[    6.026398] xor: automatically using best checksumming function:
[    6.065931]    avx       : 10661.000 MB/sec
[    6.070522] async_tx: api initialized (async)
[    6.095341] md: raid6 personality registered for level 6
[    6.098246] md: raid5 personality registered for level 5
[    6.101512] md: raid4 personality registered for level 4
[    6.118356] md: raid10 personality registered for level 10
done.
Begin: Running /scripts/init-premount ... done.
Begin: Mounting root file system ... Begin: Running /scripts/local-top ... done.
Begin: Running /scripts/local-premount ... [    6.181228] Btrfs loaded
Scanning for Btrfs filesystems
done.
Warning: fsck not present, so skipping root file system
[    6.277629] EXT4-fs (sda1): mounted filesystem with ordered data mode. Opts: (null)
done.
Begin: Running /scripts/local-bottom ... done.
Begin: Running /scripts/init-bottom ... done.
[    6.465306] systemd[1]: systemd 229 running in system mode. (+PAM +AUDIT +SELINUX +IMA +APPARMOR +SMACK +SYSVINIT +UTMP +LIBCRYPTSETUP +GCRYPT +GNUTLS +ACL +XZ -LZ4 +SECCOMP +BLKID +ELFUTILS +KMOD -IDN)
[    6.473305] systemd[1]: Detected virtualization oracle.
[    6.475727] systemd[1]: Detected architecture x86-64.

Welcome to [1mUbuntu 16.04.7 LTS[0m!

[    6.481779] systemd[1]: Set hostname to <ubuntu>.
[    6.487936] systemd[1]: Initializing machine ID from random generator.
[    6.492121] systemd[1]: Installed transient /etc/machine-id file.
[    6.976329] systemd[1]: Reached target User and Group Name Lookups.
[[0;32m  OK  [0m] Reached target User and Group Name Lookups.
[    6.982372] systemd[1]: Listening on /dev/initctl Compatibility Named Pipe.
[[0;32m  OK  [0m] Listening on /dev/initctl Compatibility Named Pipe.
[    6.992540] systemd[1]: Set up automount Arbitrary Executable File Formats File System Automount Point.
[[0;32m  OK  [0m] Set up automount Arbitrary Executab...ats File System Automount Point.
[    7.002662] systemd[1]: Listening on Journal Socket (/dev/log).
[[0;32m  OK  [0m] Listening on Journal Socket (/dev/log).
[    7.010548] systemd[1]: Listening on LVM2 poll daemon socket.
[[0;32m  OK  [0m] Listening on LVM2 poll daemon socket.
[    7.278635] systemd[1]: Listening on udev Kernel Socket.
[[0;32m  OK  [0m] Listening on udev Kernel Socket.
[    7.731051] systemd[1]: Started Trigger resolvconf update for networkd DNS.
[[0;32m  OK  [0m] Started Trigger resolvconf update for networkd DNS.
[    7.737229] systemd[1]: Created slice User and Session Slice.
[[0;32m  OK  [0m] Created slice User and Session Slice.
[    7.742319] systemd[1]: Listening on udev Control Socket.
[[0;32m  OK  [0m] Listening on udev Control Socket.
[    7.747212] systemd[1]: Listening on Journal Socket.
[[0;32m  OK  [0m] Listening on Journal Socket.
[    7.752088] systemd[1]: Listening on Journal Audit Socket.
[[0;32m  OK  [0m] Listening on Journal Audit Socket.
[    7.756997] systemd[1]: Reached target Swap.
[[0;32m  OK  [0m] Reached target Swap.
[    7.761392] systemd[1]: Created slice System Slice.
[[0;32m  OK  [0m] Created slice System Slice.
[    7.778129] systemd[1]: Starting Nameserver information manager...
         Starting Nameserver information manager...
[    7.786313] systemd[1]: Starting Remount Root and Kernel File Systems...
         Starting Remount Root and Kernel File Systems...
[    7.793043] systemd[1]: Mounting Debug File System...
         Mounting Debug File System...
[    7.822123] systemd[1]: Starting Create list of required static device nodes for the current kernel...
[    7.826920] EXT4-fs (sda1): re-mounted. Opts: (null)
         Starting Create list of required st... nodes for the current kernel...
[    7.836838] systemd[1]: Starting Load Kernel Modules...
         Starting Load Kernel Modules...
[    7.851227] systemd[1]: Created slice system-serial\x2dgetty.slice.
[[0;32m  OK  [0[    7.855579] Loading iSCSI transport class v2.0-870.
m] Created slice system-serial\x2dgetty.slice.
[    7.858061] systemd[1]: Listening on Device-mapper event daemon FIFOs.
[[0;32m  OK  [0m] Listening on Device-mapper event daemon FIFOs.
[    7.870004] systemd[1]: Reached target Encrypted Volumes.
[[0;32m  OK  [0m] Reached target Encrypted Volumes.
[    7.877116] iscsi: registered transport (tcp)
[    7.901842] systemd[1]: Mounting Huge Pages File System...
         Mounting Huge Pages File System...
[    7.914412] systemd[1]: Listening on LVM2 metadata daemon socket.
[[0;32m  OK  [0m] Listening on LVM2 metadata daemon socket.
[    7.920324] systemd[1]: Starting Monitoring of LVM2 mirrors, snapshots etc. using dmeventd or progress polling...
         Starting Monitoring of LVM2 mirrors... dmeventd or progress polling...
[    7.929563] systemd[1]: Reached target System Time Synchronized.
[[0;32m  OK  [0m] Reached target System Time Synchronized.
[    7.936941] systemd[1]: Mounting POSIX Message Queue File System...
[    7.941323] iscsi: registered transport (iser)
         Mounting POSIX Message Queue File System...
[    7.947110] systemd[1]: Reached target Slices.
[    7.954300] random: nonblocking pool is initialized
[[0;32m  OK  [0m] Reached target Slices.
[    7.959864] systemd[1]: Listening on Syslog Socket.
[[0;32m  OK  [0m] Listening on Syslog Socket.
[    7.982156] systemd[1]: Starting Journal Service...
         Starting Journal Service...
[    7.987730] systemd[1]: Starting Set console keymap...
         Starting Set console keymap...
[    7.992848] systemd[1]: Starting Uncomplicated firewall...
         Starting Uncomplicated firewall...
[    8.005919] systemd[1]: Started Forward Password Requests to Wall Directory Watch.
[[0;32m  OK  [0m] Started Forward Password Requests to Wall Directory Watch.
[    8.027339] systemd[1]: Mounted Huge Pages File System.
[[0;32m  OK  [0m] Mounted Huge Pages File System.
[    8.038433] systemd[1]: Mounted Debug File System.
[[0;32m  OK  [0m] Mounted Debug File System.
[    8.043529] systemd[1]: Mounted POSIX Message Queue File System.
[[0;32m  OK  [0m] Mounted POSIX Message Queue File System.
[    8.067367] systemd[1]: Started Remount Root and Kernel File Systems.
[[0;32m  OK  [0m] Started Remount Root and Kernel File Systems.
[    8.073447] systemd[1]: Started Create list of required static device nodes for the current kernel.
[[0;32m  OK  [0m] Started Create list of required sta...ce nodes for the current kernel.
[    8.081060] systemd[1]: Started Load Kernel Modules.
[[0;32m  OK  [0m] Started Load Kernel Modules.
[    8.086580] systemd[1]: Started Set console keymap.
[[0;32m  OK  [0m] Started Set console keymap.
[    8.091048] systemd[1]: Started Uncomplicated firewall.
[[0;32m  OK  [0m] Started Uncomplicated firewall.
[    8.110675] systemd[1]: Started Nameserver information manager.
[[0;32m  OK  [0m] Started Nameserver information manager.
[    8.118899] systemd[1]: Started Journal Service.
[[0;32m  OK  [0m] Started Journal Service.
[[0;32m  OK  [0m] Started LVM2 metadata daemon.
         Starting Apply Kernel Variables...
         Mounting FUSE Control File System...
         Starting Create Static Device Nodes in /dev...
         Starting Flush Journal to Persistent Storage...
         Starting Load/Save Random Seed...
         Starting udev Coldplug all Devices...
[[0;32m  OK  [0m] Mounted FUSE Control File System.
[[0;32m  OK  [0m] Started Apply Kernel Variables.
[[0;32m  OK  [0m] Started Load/Save Random Seed.
[[0;32m  OK  [0m] Started Flush Journal to Persistent Storage.
[[0;32m  OK  [0m] Started Create Static Device Nodes in /dev.
         Starting udev Kernel Device Manager...
[[0;32m  OK  [0m] Started udev Kernel Device Manager.
[[0;32m  OK  [0m] Started udev Coldplug all Devices.
[[0;32m  OK  [0m] Started Dispatch Password Requests to Console Directory Watch.
[[0;32m  OK  [0m] Found device /dev/ttyS0.
[[0;32m  OK  [0m] Listening on Load/Save RF Kill Switch Status /dev/rfkill Watch.
[[0;32m  OK  [0m] Started Monitoring of LVM2 mirrors,...ng dmeventd or progress polling.
[[0;32m  OK  [0m] Reached target Local File Systems (Pre).
[[0;32m  OK  [0m] Reached target Local File Systems.
         Starting Initial cloud-init job (pre-networking)...
         Starting Set console font and keymap...
         Starting LSB: AppArmor initialization...
         Starting Commit a transient machine-id on disk...
         Starting Create Volatile Files and Directories...
         Starting Tell Plymouth To Write Out Runtime Data...
[[0;32m  OK  [0m] Started Create Volatile Files and Directories.
[[0;32m  OK  [0m] Started Commit a transient machine-id on disk.
[[0;32m  OK  [0m] Started Tell Plymouth To Write Out Runtime Data.
         Starting Update UTMP about System Boot/Shutdown...
[[0;32m  OK  [0m] Started Update UTMP about System Boot/Shutdown.
[   10.552339] cloud-init[587]: Cloud-init v. 20.4.1-0ubuntu1~16.04.1 running 'init-local' at Wed, 24 Mar 2021 08:29:39 +0000. Up 9.81 seconds.
[[0;32m  OK  [0m] Started Set console font and keymap.
[[0;32m  OK  [0m] Created slice system-getty.slice.
[[0;32m  OK  [0m] Started Initial cloud-init job (pre-networking).
[[0;32m  OK  [0m] Reached target Network (Pre).
[[0;32m  OK  [0m] Started LSB: AppArmor initialization.
         Starting Load AppArmor profiles managed internally by snapd...
         Starting Raise network interfaces...
[[0;32m  OK  [0m] Started Load AppArmor profiles managed internally by snapd.
[[0;32m  OK  [0m] Started Raise network interfaces.
         Starting Initial cloud-init job (metadata service crawler)...
[[0;32m  OK  [0m] Reached target Network.
[   13.582019] cloud-init[940]: Cloud-init v. 20.4.1-0ubuntu1~16.04.1 running 'init' at Wed, 24 Mar 2021 08:29:42 +0000. Up 12.49 seconds.
[   13.595145] cloud-init[940]: ci-info: ++++++++++++++++++++++++++++++++++++++Net device info++++++++++++++++++++++++++++++++++++++
[   13.598275] cloud-init[940]: ci-info: +--------+------+----------------------------+---------------+--------+-------------------+
[   13.601584] cloud-init[940]: ci-info: | Device |  Up  |          Address           |      Mask     | Scope  |     Hw-Address    |
[   13.604933] cloud-init[940]: ci-info: +--------+------+----------------------------+---------------+--------+-------------------+
[   13.608326] cloud-init[940]: ci-info: | enp0s3 | True |         10.0.2.15          | 255.255.255.0 | global | 02:49:cb:75:7f:af |
[   13.612299] cloud-init[940]: ci-info: | enp0s3 | True | fe80::49:cbff:fe75:7faf/64 |       .       |  link  | 02:49:cb:75:7f:af |
[   13.616358] cloud-init[940]: ci-info: |   lo   | True |         127.0.0.1          |   255.0.0.0   |  host  |         .         |
[   13.620000] cloud-init[940]: ci-info: |   lo   | True |          ::1/128           |       .       |  host  |         .         |
[   13.626419] cloud-init[940]: ci-info: +--------+------+----------------------------+---------------+--------+-------------------+
[   13.636862] cloud-init[940]: ci-info: +++++++++++++++++++++++++++Route IPv4 info++++++++++++++++++++++++++++
[   13.640400] cloud-init[940]: ci-info: +-------+-------------+----------+---------------+-----------+-------+
[   13.649626] cloud-init[940]: ci-info: | Route | Destination | Gateway  |    Genmask    | Interface | Flags |
[   13.652617] cloud-init[940]: ci-info: +-------+-------------+----------+---------------+-----------+-------+
[   13.655673] cloud-init[940]: ci-info: |   0   |   0.0.0.0   | 10.0.2.2 |    0.0.0.0    |   enp0s3  |   UG  |
[   13.659492] cloud-init[940]: ci-info: |   1   |   10.0.2.0  | 0.0.0.0  | 255.255.255.0 |   enp0s3  |   U   |
[   13.662637] cloud-init[940]: ci-info: +-------+-------------+----------+---------------+-----------+-------+
[   13.665748] cloud-init[940]: ci-info: +++++++++++++++++++Route IPv6 info+++++++++++++++++++
[   13.672958] cloud-init[940]: ci-info: +-------+-------------+---------+-----------+-------+
[   13.675285] cloud-init[940]: ci-info: | Route | Destination | Gateway | Interface | Flags |
[   13.685466] cloud-init[940]: ci-info: +-------+-------------+---------+-----------+-------+
[   13.688279] cloud-init[940]: ci-info: |   0   |  fe80::/64  |    ::   |   enp0s3  |   U   |
[   13.691105] cloud-init[940]: ci-info: |   3   |   ff00::/8  |    ::   |   enp0s3  |   U   |
[   13.700531] cloud-init[940]: ci-info: +-------+-------------+---------+-----------+-------+
[   13.703046] cloud-init[940]: Generating public/private rsa key pair.
[   13.713169] cloud-init[940]: Your identification has been saved in /etc/ssh/ssh_host_rsa_key.
[   13.722208] cloud-init[940]: Your public key has been saved in /etc/ssh/ssh_host_rsa_key.pub.
[   13.722597] cloud-init[940]: The key fingerprint is:
[   13.723471] cloud-init[940]: SHA256:/l67Bxkp50zBjV6YACTxkCgGLO7P6TjCV6mF8a7UE4E root@ubuntu-xenial
[   13.724417] cloud-init[940]: The key's randomart image is:
[[0;32m  OK  [0m] Started Initial cloud-init job (metadata service crawler).[   13.725053] cloud-init[940]: +---[RSA 2048]----+
[   13.725549] cloud-init[940]: |o.   .++o..o =   |
[   13.725870] cloud-init[940]: |..o o .+    * o  |
[   13.726236] cloud-init[940]: |o. E .  .  . +   |
[   13.726599] cloud-init[940]: | . .  .   . *    |
[   13.727646] cloud-init[940]: |.   +.. S  * o   |
[   13.728377] cloud-init[940]: | . ..=..    =    |
[   13.729253] cloud-init[940]: |. o.*o  .   ..   |

[   13.729502] cloud-init[940]: |.oo* ..  . . ..  |
[   13.747150] cloud-init[940]: |..+o.    .o oo   |
[   13.747645] cloud-init[940]: +----[SHA256]-----+
[   13.748441] cloud-init[940]: Generating public/private dsa key pair.
[   13.749076] cloud-init[940]: Your identification has been saved in /etc/ssh/ssh_host_dsa_key.
[   13.749484] cloud-init[940]: Your public key has been saved in /etc/ssh/ssh_host_dsa_key.pub.
[   13.750067] cloud-init[940]: The key fingerprint is:
[   13.750460] cloud-init[940]: SHA256:GWB6WFtGMSIgFSyVnc2ixb1RdCRvs/h0buwPKUu1e/Y root@ubuntu-xenial
[   13.750978] cloud-init[940]: The key's randomart image is:
[   13.751440] cloud-init[940]: +---[DSA 1024]----+
[   13.751867] cloud-init[940]: |.+=*.==+Xoo      |
[   13.752075] cloud-init[940]: |..o **=* =       |
[[0;32m  OK  [0m] Reached target System Initialization.[   13.753003] 
cloud-init[940]: | . oo.oo. +      |
[   13.762995] cloud-init[940]: |  .  ..  = o     |
[   13.763481] cloud-init[940]: |        S o o    |
[   13.763944] cloud-init[940]: |         o = o   |
[   13.764881] cloud-init[940]: |          + B    |
[   13.765361] cloud-init[940]: |         . = oo  |
[   13.765854] cloud-init[940]: |          . o+..E|
[   13.766317] cloud-init[940]: +----[SHA256]-----+
[   13.767280] cloud-init[940]: Generating public/private ecdsa key pair.
[   13.767730] cloud-init[940]: Your identification has been saved in /etc/ssh/ssh_host_ecdsa_key.
[   13.769361] cloud-init[940]: Your public key has been saved in /etc/ssh/ssh_host_ecdsa_key.pub.
[   13.769506] cloud-init[940]: The key fingerprint is:
[[0;32m  OK  [0m] Listening on ACPID Listen Socket.
[   13.769683] cloud-init[940]: SHA256:hzFwdmr9tpm7dxPxywhZUt+xzZyj2umC8ZPTeBG/huE root@ubuntu-xenial
[   13.778073] cloud-init[940]: The key's randomart image is:
[   13.778406] cloud-init[940]: +---[ECDSA 256]---+
[   13.779216] cloud-init[940]: |      . o .      |
[   13.780140] cloud-init[940]: |       + +   . . |
[   13.781313] cloud-init[940]: |        = . . .o*|
[   13.782443] cloud-init[940]: |       . + o o *=|
[   13.783489] cloud-init[940]: |        S . * + +|
[   13.785045] cloud-init[940]: |         o + B o.|
[   13.785901] cloud-init[940]: |          + % B +|
[[0;32m  OK  [0m] Listening on UUID daemon activation socket.
[   13.786130] cloud-init[940]: |         . O E.*.|
[   13.797046] cloud-init[940]: |            O+...|
[   13.798975] cloud-init[940]: +----[SHA256]-----+
[   13.801115] cloud-init[940]: Generating public/private ed25519 key pair.
[   13.804182] cloud-init[940]: Your identification has been saved in /etc/ssh/ssh_host_ed25519_key.
[   13.807108] cloud-init[940]: Your public key has been saved in /etc/ssh/ssh_host_ed25519_key.pub.
[   13.809012] cloud-init[940]: The key fingerprint is:
[   13.810795] cloud-init[940]: SHA256:9eIQoWkUp+Q4Nh24bAy68B+X1R7tmqZ6y+dhfSoh+Kk root@ubuntu-xenial
[   13.813094] cloud-init[940]: The key's randomart image is:
[   13.821270] cloud-init[940]: +--[ED25519 256]--+
[   13.823740] cloud-init[940]: |     .=.o        |
[   13.836729] cloud-init[940]: |  . .* * .       |
[   13.837632] cloud-init[940]: | . +=.B ....     |
[[0;32m  OK  [0m] Started ACPI Events Check.
[[   13.837822] cloud-init[940]: |o  .=+  .oo..    |
[   13.849528] cloud-init[940]: |.o .   +S..o.    |
[   13.850443] cloud-init[940]: |. . . + .ooo.    |
[   13.851057] cloud-init[940]: |   . o . o++. .  |
[   13.851678] cloud-init[940]: |    .  .+.*. o   |
[   13.852741] cloud-init[940]: |      E++*...    |
[0;32m  OK  [0m] Reached target Paths.
         Starting Socket activation for snappy daemon.[   13.853217] cloud-init[940]: +----[SHA256]-----+

[[0;32m  OK  [0m] Listening on D-Bus System Message Bus Socket.
         Starting LXD - unix socket.
[[0;32m  OK  [0m] Started Daily Cleanup of Temporary Directories.
[[0;32m  OK  [0m] Started Daily apt download activities.
[[0;32m  OK  [0m] Started Message of the Day.
[[0;32m  OK  [0m] Started Daily apt upgrade and clean activities.
[[0;32m  OK  [0m] Reached target Timers.
[[0;32m  OK  [0m] Reached target Cloud-config availability.
[[0;32m  OK  [0m] Reached target Network is Online.
         Starting iSCSI initiator daemon (iscsid)...
[[0;32m  OK  [0m] Listening on Socket activation for snappy daemon.
[[0;32m  OK  [0m] Listening on LXD - unix socket.
[[0;32m  OK  [0m] Reached target Sockets.
[[0;32m  OK  [0m] Reached target Basic System.
[[0;32m  OK  [0m] Started Regular background program processing daemon.
         Starting System Logging Service...
         Starting Virtualbox guest utils...
         Starting LSB: MD monitoring daemon...
         Starting Pollinate to seed the pseudo random number generator...
[[0;32m  OK  [0m] Started Deferred execution scheduler.
[[0;32m  OK  [0m] Started ACPI event daemon.
         Starting LSB: Record successful boot for GRUB...
         Starting /etc/rc.local Compatibility...
[[0;32m  OK  [0m] Started D-Bus System Message Bus.
         Starting Login Service...
[[0;32m  OK  [0m] Started FUSE filesystem for LXC.
         Starting Accounts Service...
         Starting LXD - container startup/shutdown...
         Starting Snap Daemon...
[[0;32m  OK  [0m] Started System Logging Service.
[[0;32m  OK  [0m] Started iSCSI initiator daemon (iscsid).
[[0;32m  OK  [0m] Started /etc/rc.local Compatibility.
[[0;32m  OK  [0m] Started Login Service.
[[0;32m  OK  [0m] Started Unattended Upgrades Shutdown.
         Starting Login to default iSCSI targets...
[[0;32m  OK  [0m] Started Login to default iSCSI targets.
[[0;32m  OK  [0m] Reached target Remote File Systems (Pre).
[[0;32m  OK  [0m] Reached target Remote File Systems.
         Starting Permit User Sessions...
         Starting LSB: Set the CPU Frequency Scaling governor to "ondemand"...
         Starting LSB: automatic crash report generation...
         Starting LSB: daemon to balance interrupts for SMP systems...
[[0;32m  OK  [0m] Started LSB: Record successful boot for GRUB.
[[0;32m  OK  [0m] Started Permit User Sessions.
         Starting Hold until boot process finishes up...
         Starting Terminate Plymouth Boot Screen...
[[0;32m  OK  [0m] Started LSB: MD monitoring daemon.
[[0;32m  OK  [0m] Started Hold until boot process finishes up.
[[0;32m  OK  [0m] Started Terminate Plymouth Boot Screen.
         Starting Set console scheme...
[[0;32m  OK  [0m] Started Getty on tty1.
[[0;32m  OK  [0m] Started Serial Getty on ttyS0.
[[0;32m  OK  [0m] Reached target Login Prompts.
[[0;32m  OK  [0m] Started LSB: Set the CPU Frequency Scaling governor to "ondemand".
[[0;32m  OK  [0m] Started Set console scheme.
         Starting Authenticate and Authorize Users to Run Privileged Tasks...
[[0;32m  OK  [0m] Started LSB: daemon to balance interrupts for SMP systems.
[[0;32m  OK  [0m] Started LSB: automatic crash report generation.
[[0;32m  OK  [0m] Started Authenticate and Authorize Users to Run Privileged Tasks.
[[0;32m  OK  [0m] Started Virtualbox guest utils.
[[0;32m  OK  [0m] Started Accounts Service.
[[0;32m  OK  [0m] Started LXD - container startup/shutdown.
[[0;32m  OK  [0m] Started Snap Daemon.
         Starting Wait until snapd is fully seeded...
[[0;32m  OK  [0m] Started Pollinate to seed the pseudo random number generator.
         Starting OpenBSD Secure Shell server...
[[0;32m  OK  [0m] Started OpenBSD Secure Shell server.
[[0;32m  OK  [0m] Started Wait until snapd is fully seeded.
[[0;32m  OK  [0m] Reached target Multi-User System.
[[0;32m  OK  [0m] Reached target Graphical Interface.
         Starting Update UTMP about System Runlevel Changes...
         Starting Apply the settings specified in cloud-config...
[[0;32m  OK  [0m] Started Update UTMP about System Runlevel Changes.
[   17.081344] cloud-init[1293]: Generating locales (this might take a while)...
[   18.809781] cloud-init[1293]:   en_US.UTF-8... done
[   18.820822] cloud-init[1293]: Generation complete.
[[0;32m  OK  [0m] Created slice User Slice of vagrant.
         Starting User Manager for UID 1000...
[[0;32m  OK  [0m] Started Session 1 of user vagrant.
[[0;32m  OK  [0m] Started User Manager for UID 1000.
[   19.594647] cloud-init[1293]: Cloud-init v. 20.4.1-0ubuntu1~16.04.1 running 'modules:config' at Wed, 24 Mar 2021 08:29:46 +0000. Up 16.82 seconds.

Ubuntu 16.04.7 LTS ubuntu-xenial ttyS0

ubuntu-xenial login: ci-info: no authorized SSH keys fingerprints found for user ubuntu.
<14>Mar 24 08:29:50 ec2: 
<14>Mar 24 08:29:50 ec2: #############################################################
<14>Mar 24 08:29:50 ec2: -----BEGIN SSH HOST KEY FINGERPRINTS-----
<14>Mar 24 08:29:50 ec2: 1024 SHA256:GWB6WFtGMSIgFSyVnc2ixb1RdCRvs/h0buwPKUu1e/Y root@ubuntu-xenial (DSA)
<14>Mar 24 08:29:50 ec2: 256 SHA256:hzFwdmr9tpm7dxPxywhZUt+xzZyj2umC8ZPTeBG/huE root@ubuntu-xenial (ECDSA)
<14>Mar 24 08:29:50 ec2: 256 SHA256:9eIQoWkUp+Q4Nh24bAy68B+X1R7tmqZ6y+dhfSoh+Kk root@ubuntu-xenial (ED25519)
<14>Mar 24 08:29:50 ec2: 2048 SHA256:/l67Bxkp50zBjV6YACTxkCgGLO7P6TjCV6mF8a7UE4E root@ubuntu-xenial (RSA)
<14>Mar 24 08:29:50 ec2: -----END SSH HOST KEY FINGERPRINTS-----
<14>Mar 24 08:29:50 ec2: #############################################################
-----BEGIN SSH HOST KEY KEYS-----
ecdsa-sha2-nistp256 AAAAE2VjZHNhLXNoYTItbmlzdHAyNTYAAAAIbmlzdHAyNTYAAABBBMaDWmrAdey7j7nJMMP7ve1/TrzjHsgWtaYw9/9NMVUp4UTLKaBT3RH6fV33qqpsReXj6r4pcBQRKvo8K72ffH8= root@ubuntu-xenial
ssh-ed25519 AAAAC3NzaC1lZDI1NTE5AAAAIKR1OEH6bnFvNdbtTaVnikz165fNftjKA9KMYBxIZ4OY root@ubuntu-xenial
ssh-rsa AAAAB3NzaC1yc2EAAAADAQABAAABAQDk/STS0jQfRs5CsfeQ1xsj/6fNCKp/PrejUvDphCsKXXQ6XmvuI3HvkgpISLWE0v4Lqy7tXy2Z5iFWXS5i+kccZtvSeUKHKjdOFSktbDh+3F4YM51/Eh4P8KlH+jnBgsK2P+U58cIdjHDBWsYIpljKmuGoHZEsJEpqrKxsEDgQjntyMnrc8ic4r+FumSYklAZqJftUAw8I/ZwZumFPgBuaRWwIev/jQ42vhHr7pXLhFAhNeItwL4O3wE1K24Si1ECimHDPf1Vd6I++pCiAM0QnicNivWBURGb4ZxWmw9zH1A/Uq6rPfXlb9EBWKW4KJ5RNngDJ52fm2i8kZSKzlRv5 root@ubuntu-xenial
-----END SSH HOST KEY KEYS-----
[   20.801403] cloud-init[1405]: Cloud-init v. 20.4.1-0ubuntu1~16.04.1 running 'modules:final' at Wed, 24 Mar 2021 08:29:50 +0000. Up 20.44 seconds.
[   20.801873] cloud-init[1405]: ci-info: no authorized SSH keys fingerprints found for user ubuntu.
[   20.802229] cloud-init[1405]: Cloud-init v. 20.4.1-0ubuntu1~16.04.1 finished at Wed, 24 Mar 2021 08:29:50 +0000. Datasource DataSourceNoCloud [seed=/dev/sdb][dsmode=net].  Up 20.78 seconds
